<?xml version="1.0" encoding="UTF-8"?>
<!-- Generated by org.testng.reporters.JUnitReportReporter -->
<testsuite hostname="DESKTOP-PJLCLMT" failures="0" tests="1" name="autopractice.tests.HomepageTest" time="75.415" errors="0" timestamp="2019-09-18T22:26:05 EAT" skipped="0">
  <testcase classname="autopractice.tests.HomepageTest" name="f" time="75.415"/>
</testsuite> <!-- autopractice.tests.HomepageTest -->
