<?xml version="1.0" encoding="UTF-8"?>
<!-- Generated by org.testng.reporters.JUnitReportReporter -->
<testsuite hostname="DESKTOP-PJLCLMT" failures="0" tests="1" name="autopractice.tests.FactoryPatternTest" time="13.203" errors="0" timestamp="23 Sep 2019 20:16:08 GMT" skipped="0">
  <testcase classname="autopractice.tests.FactoryPatternTest" name="launchTestAutomationGuruTest" time="13.203"/>
</testsuite> <!-- autopractice.tests.FactoryPatternTest -->
