<?xml version="1.0" encoding="UTF-8"?>
<!-- Generated by org.testng.reporters.JUnitReportReporter -->
<testsuite hostname="DESKTOP-PJLCLMT" failures="0" tests="2" name="autopractice.tests.userAuthentication.SignuppageTest" time="5.901" errors="0" timestamp="30 Sep 2019 19:29:30 GMT" skipped="0">
  <testcase classname="autopractice.tests.userAuthentication.SignuppageTest" name="openAuthenticationPage" time="5.488"/>
  <testcase classname="autopractice.tests.userAuthentication.SignuppageTest" name="signupWithValidRegisteredEmailAddress" time="0.413"/>
</testsuite> <!-- autopractice.tests.userAuthentication.SignuppageTest -->
