<?xml version="1.0" encoding="UTF-8"?>
<!-- Generated by org.testng.reporters.JUnitReportReporter -->
<testsuite hostname="DESKTOP-377NK29" failures="0" tests="1" name="autopractice.tests.userAuthentication.LoginpageTest" time="4.287" errors="0" timestamp="2019-09-30T18:45:04 EAT" skipped="0">
  <testcase classname="autopractice.tests.userAuthentication.LoginpageTest" name="loginWithValidPassword" time="4.287"/>
</testsuite> <!-- autopractice.tests.userAuthentication.LoginpageTest -->
