<?xml version="1.0" encoding="UTF-8"?>
<!-- Generated by org.testng.reporters.JUnitReportReporter -->
<testsuite hostname="DESKTOP-377NK29" failures="0" tests="2" name="autopractice.tests.LoginpageTest" time="5.061" errors="0" timestamp="2019-09-26T18:50:35 EAT" skipped="0">
  <testcase classname="autopractice.tests.LoginpageTest" name="launchApplication" time="5.059"/>
  <testcase classname="autopractice.tests.LoginpageTest" name="loginWithValidPassword" time="0.002"/>
</testsuite> <!-- autopractice.tests.LoginpageTest -->
