<?xml version="1.0" encoding="UTF-8"?>
<!-- Generated by org.testng.reporters.JUnitReportReporter -->
<testsuite hostname="DESKTOP-PJLCLMT" failures="0" tests="1" name="autopractice.tests.LoginpageTest" time="26.976" errors="0" timestamp="25 Sep 2019 19:25:05 GMT" skipped="0">
  <testcase classname="autopractice.tests.LoginpageTest" name="launchApplication" time="26.976"/>
</testsuite> <!-- autopractice.tests.LoginpageTest -->
