<?xml version="1.0" encoding="UTF-8"?>
<!-- Generated by org.testng.reporters.JUnitReportReporter -->
<testsuite hostname="DESKTOP-377NK29" failures="0" tests="2" name="autopractice.tests.userAuthentication.SignuppageTest" time="1.967" errors="0" timestamp="2019-09-30T18:48:00 EAT" skipped="0">
  <testcase classname="autopractice.tests.userAuthentication.SignuppageTest" name="openAuthenticationPage" time="1.967"/>
  <testcase classname="autopractice.tests.userAuthentication.SignuppageTest" name="signupUsingValidUnregisteredEmail" time="0.000"/>
</testsuite> <!-- autopractice.tests.userAuthentication.SignuppageTest -->
