<?xml version="1.0" encoding="UTF-8"?>
<!-- Generated by org.testng.reporters.JUnitReportReporter -->
<testsuite hostname="DESKTOP-377NK29" failures="0" tests="2" name="autopractice.tests.userAuthentication.SignuppageTest" time="22.486" errors="0" timestamp="2019-10-02T15:25:24 EAT" skipped="0">
  <testcase classname="autopractice.tests.userAuthentication.SignuppageTest" name="openAuthenticationPage" time="2.229"/>
  <testcase classname="autopractice.tests.userAuthentication.SignuppageTest" name="signupWithValidRegisteredEmailAddress" time="20.257"/>
</testsuite> <!-- autopractice.tests.userAuthentication.SignuppageTest -->
