<?xml version="1.0" encoding="UTF-8"?>
<!-- Generated by org.testng.reporters.JUnitReportReporter -->
<testsuite hostname="DESKTOP-377NK29" failures="0" tests="2" name="autpractice.util.ExcelDataProvider" time="0.006" errors="0" timestamp="2019-09-27T18:56:04 EAT" skipped="0">
  <testcase classname="autpractice.util.ExcelDataProvider" name="Test1" time="0.001"/>
  <testcase classname="autpractice.util.ExcelDataProvider" name="Test1" time="0.005"/>
</testsuite> <!-- autpractice.util.ExcelDataProvider -->
