<?xml version="1.0" encoding="UTF-8"?>
<!-- Generated by org.testng.reporters.JUnitReportReporter -->
<testsuite hostname="DESKTOP-PJLCLMT" failures="0" tests="1" name="autopractice.tests.HomepageTest" time="22.480" errors="0" timestamp="25 Sep 2019 19:19:56 GMT" skipped="0">
  <testcase classname="autopractice.tests.HomepageTest" name="launchApplication" time="22.480"/>
</testsuite> <!-- autopractice.tests.HomepageTest -->
