<?xml version="1.0" encoding="UTF-8"?>
<!-- Generated by org.testng.reporters.JUnitReportReporter -->
<testsuite hostname="DESKTOP-377NK29" failures="0" tests="2" name="autopractice.tests.userAuthentication.SignuppageTest" time="3.048" errors="0" timestamp="2019-10-01T17:31:55 EAT" skipped="0">
  <testcase classname="autopractice.tests.userAuthentication.SignuppageTest" name="openAuthenticationPage" time="2.761"/>
  <testcase classname="autopractice.tests.userAuthentication.SignuppageTest" name="signupWithValidRegisteredEmailAddress" time="0.287"/>
</testsuite> <!-- autopractice.tests.userAuthentication.SignuppageTest -->
