<?xml version="1.0" encoding="UTF-8"?>
<!-- Generated by org.testng.reporters.JUnitReportReporter -->
<testsuite hostname="DESKTOP-377NK29" failures="0" tests="1" name="autopractice.tests.HomepageTest" time="6.957" errors="0" timestamp="2019-09-26T19:16:10 EAT" skipped="0">
  <testcase classname="autopractice.tests.HomepageTest" name="launchApplication" time="6.957"/>
</testsuite> <!-- autopractice.tests.HomepageTest -->
