<?xml version="1.0" encoding="UTF-8"?>
<!-- Generated by org.testng.reporters.JUnitReportReporter -->
<testsuite hostname="DESKTOP-377NK29" failures="0" tests="1" name="autopractice.tests.CustomerAuthenticationPageTest" time="5.499" errors="0" timestamp="2019-10-04T17:15:10 EAT" skipped="0">
  <testcase classname="autopractice.tests.CustomerAuthenticationPageTest" name="test1" time="5.499"/>
</testsuite> <!-- autopractice.tests.CustomerAuthenticationPageTest -->
