<?xml version="1.0" encoding="UTF-8"?>
<!-- Generated by org.testng.reporters.JUnitReportReporter -->
<testsuite hostname="DESKTOP-PJLCLMT" failures="0" tests="1" name="autopractice.tests.HomepageTest" time="15.945" errors="0" timestamp="23 Sep 2019 20:33:33 GMT" skipped="0">
  <testcase classname="autopractice.tests.HomepageTest" name="launchApplication" time="15.945"/>
</testsuite> <!-- autopractice.tests.HomepageTest -->
