<?xml version="1.0" encoding="UTF-8"?>
<!-- Generated by org.testng.reporters.JUnitReportReporter -->
<testsuite hostname="DESKTOP-377NK29" failures="0" tests="1" name="autopractice.tests.SignuppageTest" time="0.000" errors="0" timestamp="2019-09-30T17:04:21 EAT" skipped="0">
  <testcase classname="autopractice.tests.SignuppageTest" name="correctSignup" time="0.000"/>
</testsuite> <!-- autopractice.tests.SignuppageTest -->
