<?xml version="1.0" encoding="UTF-8"?>
<!-- Generated by org.testng.reporters.JUnitReportReporter -->
<testsuite hostname="DESKTOP-377NK29" failures="0" tests="1" name="autopractice.tests.LoginpageTest" time="5.073" errors="0" timestamp="2019-09-26T19:45:53 EAT" skipped="0">
  <testcase classname="autopractice.tests.LoginpageTest" name="loginWithValidPassword" time="5.073"/>
</testsuite> <!-- autopractice.tests.LoginpageTest -->
