<?xml version="1.0" encoding="UTF-8"?>
<!-- Generated by org.testng.reporters.JUnitReportReporter -->
<testsuite hostname="DESKTOP-PJLCLMT" failures="0" tests="2" name="autopractice.tests.userAuthentication.SignuppageTest" time="3.111" errors="0" timestamp="01 Oct 2019 16:49:11 GMT" skipped="0">
  <testcase classname="autopractice.tests.userAuthentication.SignuppageTest" name="openAuthenticationPage" time="2.542"/>
  <testcase classname="autopractice.tests.userAuthentication.SignuppageTest" name="signupWithValidRegisteredEmailAddress" time="0.569"/>
</testsuite> <!-- autopractice.tests.userAuthentication.SignuppageTest -->
